<?xml version='1.0' encoding='UTF-8' ?>
<testsuite name="com.papernotes.baselineprofile.BaselineProfileGenerator" tests="1" failures="0" errors="0" skipped="0" time="102.308" timestamp="2026-06-11T23:40:57" hostname="localhost">
  <properties>
    <property name="device" value="motorola edge 70 - 16" />
    <property name="flavor" value="" />
    <property name="project" value=":baselineprofile" />
  </properties>
  <testcase name="generate" classname="com.papernotes.baselineprofile.BaselineProfileGenerator" time="100.409" />
</testsuite>